This file contains any messages produced by compilers while
running configure, to aid debugging if configure makes a mistake.

It was created by qic1822_sdk_release configure r343, which was
generated by GNU Autoconf 2.68.  Invocation command line was

  $ ./configure 

## --------- ##
## Platform. ##
## --------- ##

hostname = Stefl-Linux
uname -m = i686
uname -r = 3.13.0-74-generic
uname -s = Linux
uname -v = #118~precise1-Ubuntu SMP Fri Dec 18 10:39:27 UTC 2015

/usr/bin/uname -p = unknown
/bin/uname -X     = unknown

/bin/arch              = unknown
/usr/bin/arch -k       = unknown
/usr/convex/getsysinfo = unknown
/usr/bin/hostinfo      = unknown
/bin/machine           = unknown
/usr/bin/oslevel       = unknown
/bin/universe          = unknown

PATH: /usr/lib/lightdm/lightdm
PATH: /usr/local/sbin
PATH: /usr/local/bin
PATH: /usr/sbin
PATH: /usr/bin
PATH: /sbin
PATH: /bin
PATH: /usr/games
PATH: /home/stefl/.bin/depot_tools


## ----------- ##
## Core tests. ##
## ----------- ##

configure:2316: checking for a BSD-compatible install
configure:2384: result: /usr/bin/install -c
configure:2395: checking whether build environment is sane
configure:2445: result: yes
configure:2586: checking for a thread-safe mkdir -p
configure:2625: result: /bin/mkdir -p
configure:2638: checking for gawk
configure:2668: result: no
configure:2638: checking for mawk
configure:2654: found /usr/bin/mawk
configure:2665: result: mawk
configure:2676: checking whether make sets $(MAKE)
configure:2698: result: yes
configure:2831: checking for gcc
configure:2847: found /usr/bin/gcc
configure:2858: result: gcc
configure:3087: checking for C compiler version
configure:3096: gcc --version >&5
gcc (Ubuntu 4.8.1-2ubuntu1~12.04) 4.8.1
Copyright (C) 2013 Free Software Foundation, Inc.
This is free software; see the source for copying conditions.  There is NO
warranty; not even for MERCHANTABILITY or FITNESS FOR A PARTICULAR PURPOSE.

configure:3107: $? = 0
configure:3096: gcc -v >&5
Using built-in specs.
COLLECT_GCC=gcc
COLLECT_LTO_WRAPPER=/usr/lib/gcc/i686-linux-gnu/4.8/lto-wrapper
Target: i686-linux-gnu
Configured with: ../src/configure -v --with-pkgversion='Ubuntu 4.8.1-2ubuntu1~12.04' --with-bugurl=file:///usr/share/doc/gcc-4.8/README.Bugs --enable-languages=c,c++,java,go,d,fortran,objc,obj-c++ --prefix=/usr --program-suffix=-4.8 --enable-shared --enable-linker-build-id --libexecdir=/usr/lib --without-included-gettext --enable-threads=posix --with-gxx-include-dir=/usr/include/c++/4.8 --libdir=/usr/lib --enable-nls --with-sysroot=/ --enable-clocale=gnu --enable-libstdcxx-debug --enable-libstdcxx-time=yes --enable-gnu-unique-object --enable-plugin --with-system-zlib --disable-browser-plugin --enable-java-awt=gtk --enable-gtk-cairo --with-java-home=/usr/lib/jvm/java-1.5.0-gcj-4.8-i386/jre --enable-java-home --with-jvm-root-dir=/usr/lib/jvm/java-1.5.0-gcj-4.8-i386 --with-jvm-jar-dir=/usr/lib/jvm-exports/java-1.5.0-gcj-4.8-i386 --with-arch-directory=i386 --with-ecj-jar=/usr/share/java/eclipse-ecj.jar --enable-objc-gc --enable-targets=all --enable-multiarch --disable-werror --with-arch-32=i686 --with-multilib-list=m32,m64 --with-tune=generic --enable-checking=release --build=i686-linux-gnu --host=i686-linux-gnu --target=i686-linux-gnu
Thread model: posix
gcc version 4.8.1 (Ubuntu 4.8.1-2ubuntu1~12.04) 
configure:3107: $? = 0
configure:3096: gcc -V >&5
gcc: error: unrecognized command line option '-V'
gcc: fatal error: no input files
compilation terminated.
configure:3107: $? = 4
configure:3096: gcc -qversion >&5
gcc: error: unrecognized command line option '-qversion'
gcc: fatal error: no input files
compilation terminated.
configure:3107: $? = 4
configure:3127: checking whether the C compiler works
configure:3149: gcc    conftest.c  >&5
configure:3153: $? = 0
configure:3201: result: yes
configure:3204: checking for C compiler default output file name
configure:3206: result: a.out
configure:3212: checking for suffix of executables
configure:3219: gcc -o conftest    conftest.c  >&5
configure:3223: $? = 0
configure:3245: result: 
configure:3267: checking whether we are cross compiling
configure:3275: gcc -o conftest    conftest.c  >&5
configure:3279: $? = 0
configure:3286: ./conftest
configure:3290: $? = 0
configure:3305: result: no
configure:3310: checking for suffix of object files
configure:3332: gcc -c   conftest.c >&5
configure:3336: $? = 0
configure:3357: result: o
configure:3361: checking whether we are using the GNU C compiler
configure:3380: gcc -c   conftest.c >&5
configure:3380: $? = 0
configure:3389: result: yes
configure:3398: checking whether gcc accepts -g
configure:3418: gcc -c -g  conftest.c >&5
configure:3418: $? = 0
configure:3459: result: yes
configure:3476: checking for gcc option to accept ISO C89
configure:3540: gcc  -c -g -O2  conftest.c >&5
configure:3540: $? = 0
configure:3553: result: none needed
configure:3584: checking for style of include used by make
configure:3612: result: GNU
configure:3638: checking dependency style of gcc
configure:3749: result: gcc3
configure:3822: checking for g++
configure:3838: found /usr/bin/g++
configure:3849: result: g++
configure:3876: checking for C++ compiler version
configure:3885: g++ --version >&5
g++ (Ubuntu 4.8.1-2ubuntu1~12.04) 4.8.1
Copyright (C) 2013 Free Software Foundation, Inc.
This is free software; see the source for copying conditions.  There is NO
warranty; not even for MERCHANTABILITY or FITNESS FOR A PARTICULAR PURPOSE.

configure:3896: $? = 0
configure:3885: g++ -v >&5
Using built-in specs.
COLLECT_GCC=g++
COLLECT_LTO_WRAPPER=/usr/lib/gcc/i686-linux-gnu/4.8/lto-wrapper
Target: i686-linux-gnu
Configured with: ../src/configure -v --with-pkgversion='Ubuntu 4.8.1-2ubuntu1~12.04' --with-bugurl=file:///usr/share/doc/gcc-4.8/README.Bugs --enable-languages=c,c++,java,go,d,fortran,objc,obj-c++ --prefix=/usr --program-suffix=-4.8 --enable-shared --enable-linker-build-id --libexecdir=/usr/lib --without-included-gettext --enable-threads=posix --with-gxx-include-dir=/usr/include/c++/4.8 --libdir=/usr/lib --enable-nls --with-sysroot=/ --enable-clocale=gnu --enable-libstdcxx-debug --enable-libstdcxx-time=yes --enable-gnu-unique-object --enable-plugin --with-system-zlib --disable-browser-plugin --enable-java-awt=gtk --enable-gtk-cairo --with-java-home=/usr/lib/jvm/java-1.5.0-gcj-4.8-i386/jre --enable-java-home --with-jvm-root-dir=/usr/lib/jvm/java-1.5.0-gcj-4.8-i386 --with-jvm-jar-dir=/usr/lib/jvm-exports/java-1.5.0-gcj-4.8-i386 --with-arch-directory=i386 --with-ecj-jar=/usr/share/java/eclipse-ecj.jar --enable-objc-gc --enable-targets=all --enable-multiarch --disable-werror --with-arch-32=i686 --with-multilib-list=m32,m64 --with-tune=generic --enable-checking=release --build=i686-linux-gnu --host=i686-linux-gnu --target=i686-linux-gnu
Thread model: posix
gcc version 4.8.1 (Ubuntu 4.8.1-2ubuntu1~12.04) 
configure:3896: $? = 0
configure:3885: g++ -V >&5
g++: error: unrecognized command line option '-V'
g++: fatal error: no input files
compilation terminated.
configure:3896: $? = 4
configure:3885: g++ -qversion >&5
g++: error: unrecognized command line option '-qversion'
g++: fatal error: no input files
compilation terminated.
configure:3896: $? = 4
configure:3900: checking whether we are using the GNU C++ compiler
configure:3919: g++ -c   conftest.cpp >&5
configure:3919: $? = 0
configure:3928: result: yes
configure:3937: checking whether g++ accepts -g
configure:3957: g++ -c -g  conftest.cpp >&5
configure:3957: $? = 0
configure:3998: result: yes
configure:4023: checking dependency style of g++
configure:4134: result: gcc3
configure:4192: checking for ranlib
configure:4208: found /usr/bin/ranlib
configure:4219: result: ranlib
configure:4251: checking how to run the C preprocessor
configure:4282: gcc -E  conftest.c
configure:4282: $? = 0
configure:4296: gcc -E  conftest.c
conftest.c:11:28: fatal error: ac_nonexistent.h: No such file or directory
 #include <ac_nonexistent.h>
                            ^
compilation terminated.
configure:4296: $? = 1
configure: failed program was:
| /* confdefs.h */
| #define PACKAGE_NAME "qic1822_sdk_release"
| #define PACKAGE_TARNAME "qic1822_sdk_release"
| #define PACKAGE_VERSION "r343"
| #define PACKAGE_STRING "qic1822_sdk_release r343"
| #define PACKAGE_BUGREPORT ""
| #define PACKAGE_URL ""
| #define PACKAGE "qic1822_sdk_release"
| #define VERSION "r343"
| /* end confdefs.h.  */
| #include <ac_nonexistent.h>
configure:4321: result: gcc -E
configure:4341: gcc -E  conftest.c
configure:4341: $? = 0
configure:4355: gcc -E  conftest.c
conftest.c:11:28: fatal error: ac_nonexistent.h: No such file or directory
 #include <ac_nonexistent.h>
                            ^
compilation terminated.
configure:4355: $? = 1
configure: failed program was:
| /* confdefs.h */
| #define PACKAGE_NAME "qic1822_sdk_release"
| #define PACKAGE_TARNAME "qic1822_sdk_release"
| #define PACKAGE_VERSION "r343"
| #define PACKAGE_STRING "qic1822_sdk_release r343"
| #define PACKAGE_BUGREPORT ""
| #define PACKAGE_URL ""
| #define PACKAGE "qic1822_sdk_release"
| #define VERSION "r343"
| /* end confdefs.h.  */
| #include <ac_nonexistent.h>
configure:4384: checking for grep that handles long lines and -e
configure:4442: result: /bin/grep
configure:4447: checking for egrep
configure:4509: result: /bin/grep -E
configure:4514: checking for ANSI C header files
configure:4534: gcc -c -g -O2  conftest.c >&5
configure:4534: $? = 0
configure:4607: gcc -o conftest -g -O2   conftest.c  >&5
configure:4607: $? = 0
configure:4607: ./conftest
configure:4607: $? = 0
configure:4618: result: yes
configure:4631: checking for sys/types.h
configure:4631: gcc -c -g -O2  conftest.c >&5
configure:4631: $? = 0
configure:4631: result: yes
configure:4631: checking for sys/stat.h
configure:4631: gcc -c -g -O2  conftest.c >&5
configure:4631: $? = 0
configure:4631: result: yes
configure:4631: checking for stdlib.h
configure:4631: gcc -c -g -O2  conftest.c >&5
configure:4631: $? = 0
configure:4631: result: yes
configure:4631: checking for string.h
configure:4631: gcc -c -g -O2  conftest.c >&5
configure:4631: $? = 0
configure:4631: result: yes
configure:4631: checking for memory.h
configure:4631: gcc -c -g -O2  conftest.c >&5
configure:4631: $? = 0
configure:4631: result: yes
configure:4631: checking for strings.h
configure:4631: gcc -c -g -O2  conftest.c >&5
configure:4631: $? = 0
configure:4631: result: yes
configure:4631: checking for inttypes.h
configure:4631: gcc -c -g -O2  conftest.c >&5
configure:4631: $? = 0
configure:4631: result: yes
configure:4631: checking for stdint.h
configure:4631: gcc -c -g -O2  conftest.c >&5
configure:4631: $? = 0
configure:4631: result: yes
configure:4631: checking for unistd.h
configure:4631: gcc -c -g -O2  conftest.c >&5
configure:4631: $? = 0
configure:4631: result: yes
configure:4646: checking fcntl.h usability
configure:4646: gcc -c -g -O2  conftest.c >&5
configure:4646: $? = 0
configure:4646: result: yes
configure:4646: checking fcntl.h presence
configure:4646: gcc -E  conftest.c
configure:4646: $? = 0
configure:4646: result: yes
configure:4646: checking for fcntl.h
configure:4646: result: yes
configure:4646: checking malloc.h usability
configure:4646: gcc -c -g -O2  conftest.c >&5
configure:4646: $? = 0
configure:4646: result: yes
configure:4646: checking malloc.h presence
configure:4646: gcc -E  conftest.c
configure:4646: $? = 0
configure:4646: result: yes
configure:4646: checking for malloc.h
configure:4646: result: yes
configure:4646: checking for stdlib.h
configure:4646: result: yes
configure:4646: checking for string.h
configure:4646: result: yes
configure:4646: checking sys/ioctl.h usability
configure:4646: gcc -c -g -O2  conftest.c >&5
configure:4646: $? = 0
configure:4646: result: yes
configure:4646: checking sys/ioctl.h presence
configure:4646: gcc -E  conftest.c
configure:4646: $? = 0
configure:4646: result: yes
configure:4646: checking for sys/ioctl.h
configure:4646: result: yes
configure:4646: checking sys/time.h usability
configure:4646: gcc -c -g -O2  conftest.c >&5
configure:4646: $? = 0
configure:4646: result: yes
configure:4646: checking sys/time.h presence
configure:4646: gcc -E  conftest.c
configure:4646: $? = 0
configure:4646: result: yes
configure:4646: checking for sys/time.h
configure:4646: result: yes
configure:4646: checking for unistd.h
configure:4646: result: yes
configure:4658: checking for an ANSI C-conforming const
configure:4723: gcc -c -g -O2  conftest.c >&5
configure:4723: $? = 0
configure:4730: result: yes
configure:4738: checking for inline
configure:4754: gcc -c -g -O2  conftest.c >&5
configure:4754: $? = 0
configure:4762: result: inline
configure:4780: checking for size_t
configure:4780: gcc -c -g -O2  conftest.c >&5
configure:4780: $? = 0
configure:4780: gcc -c -g -O2  conftest.c >&5
conftest.c: In function 'main':
conftest.c:64:21: error: expected expression before ')' token
 if (sizeof ((size_t)))
                     ^
configure:4780: $? = 1
configure: failed program was:
| /* confdefs.h */
| #define PACKAGE_NAME "qic1822_sdk_release"
| #define PACKAGE_TARNAME "qic1822_sdk_release"
| #define PACKAGE_VERSION "r343"
| #define PACKAGE_STRING "qic1822_sdk_release r343"
| #define PACKAGE_BUGREPORT ""
| #define PACKAGE_URL ""
| #define PACKAGE "qic1822_sdk_release"
| #define VERSION "r343"
| #define STDC_HEADERS 1
| #define HAVE_SYS_TYPES_H 1
| #define HAVE_SYS_STAT_H 1
| #define HAVE_STDLIB_H 1
| #define HAVE_STRING_H 1
| #define HAVE_MEMORY_H 1
| #define HAVE_STRINGS_H 1
| #define HAVE_INTTYPES_H 1
| #define HAVE_STDINT_H 1
| #define HAVE_UNISTD_H 1
| #define HAVE_FCNTL_H 1
| #define HAVE_MALLOC_H 1
| #define HAVE_STDLIB_H 1
| #define HAVE_STRING_H 1
| #define HAVE_SYS_IOCTL_H 1
| #define HAVE_SYS_TIME_H 1
| #define HAVE_UNISTD_H 1
| /* end confdefs.h.  */
| #include <stdio.h>
| #ifdef HAVE_SYS_TYPES_H
| # include <sys/types.h>
| #endif
| #ifdef HAVE_SYS_STAT_H
| # include <sys/stat.h>
| #endif
| #ifdef STDC_HEADERS
| # include <stdlib.h>
| # include <stddef.h>
| #else
| # ifdef HAVE_STDLIB_H
| #  include <stdlib.h>
| # endif
| #endif
| #ifdef HAVE_STRING_H
| # if !defined STDC_HEADERS && defined HAVE_MEMORY_H
| #  include <memory.h>
| # endif
| # include <string.h>
| #endif
| #ifdef HAVE_STRINGS_H
| # include <strings.h>
| #endif
| #ifdef HAVE_INTTYPES_H
| # include <inttypes.h>
| #endif
| #ifdef HAVE_STDINT_H
| # include <stdint.h>
| #endif
| #ifdef HAVE_UNISTD_H
| # include <unistd.h>
| #endif
| int
| main ()
| {
| if (sizeof ((size_t)))
| 	    return 0;
|   ;
|   return 0;
| }
configure:4780: result: yes
configure:4791: checking whether time.h and sys/time.h may both be included
configure:4811: gcc -c -g -O2  conftest.c >&5
configure:4811: $? = 0
configure:4818: result: yes
configure:4826: checking for uint32_t
configure:4826: gcc -c -g -O2  conftest.c >&5
configure:4826: $? = 0
configure:4826: result: yes
configure:4843: checking whether gcc needs -traditional
configure:4877: result: no
configure:4886: checking for stdlib.h
configure:4886: result: yes
configure:4896: checking for GNU libc compatible malloc
configure:4920: gcc -o conftest -g -O2   conftest.c  >&5
configure:4920: $? = 0
configure:4920: ./conftest
configure:4920: $? = 0
configure:4930: result: yes
configure:4957: checking for stdlib.h
configure:4957: result: yes
configure:4957: checking for unistd.h
configure:4957: result: yes
configure:4957: checking for sys/param.h
configure:4957: gcc -c -g -O2  conftest.c >&5
configure:4957: $? = 0
configure:4957: result: yes
configure:4977: checking for getpagesize
configure:4977: gcc -o conftest -g -O2   conftest.c  >&5
configure:4977: $? = 0
configure:4977: result: yes
configure:4986: checking for working mmap
configure:5133: gcc -o conftest -g -O2   conftest.c  >&5
configure:5133: $? = 0
configure:5133: ./conftest
configure:5133: $? = 0
configure:5143: result: yes
configure:5155: checking sys/select.h usability
configure:5155: gcc -c -g -O2  conftest.c >&5
configure:5155: $? = 0
configure:5155: result: yes
configure:5155: checking sys/select.h presence
configure:5155: gcc -E  conftest.c
configure:5155: $? = 0
configure:5155: result: yes
configure:5155: checking for sys/select.h
configure:5155: result: yes
configure:5155: checking sys/socket.h usability
configure:5155: gcc -c -g -O2  conftest.c >&5
configure:5155: $? = 0
configure:5155: result: yes
configure:5155: checking sys/socket.h presence
configure:5155: gcc -E  conftest.c
configure:5155: $? = 0
configure:5155: result: yes
configure:5155: checking for sys/socket.h
configure:5155: result: yes
configure:5165: checking types of arguments for select
configure:5193: gcc -c -g -O2  conftest.c >&5
configure:5193: $? = 0
configure:5204: result: int,fd_set *,struct timeval *
configure:5227: checking whether lstat correctly handles trailing slash
configure:5253: gcc -o conftest -g -O2   conftest.c  >&5
configure:5253: $? = 0
configure:5253: ./conftest
configure:5253: $? = 0
configure:5270: result: yes
configure:5289: checking whether stat accepts an empty string
configure:5309: gcc -o conftest -g -O2   conftest.c  >&5
configure:5309: $? = 0
configure:5309: ./conftest
configure:5309: $? = 0
configure:5319: result: no
configure:5338: checking for getpagesize
configure:5338: result: yes
configure:5338: checking for memset
configure:5338: gcc -o conftest -g -O2   conftest.c  >&5
conftest.c:66:6: warning: conflicting types for built-in function 'memset' [enabled by default]
 char memset ();
      ^
configure:5338: $? = 0
configure:5338: result: yes
configure:5338: checking for munmap
configure:5338: gcc -o conftest -g -O2   conftest.c  >&5
configure:5338: $? = 0
configure:5338: result: yes
configure:5338: checking for select
configure:5338: gcc -o conftest -g -O2   conftest.c  >&5
configure:5338: $? = 0
configure:5338: result: yes
configure:5338: checking for strdup
configure:5338: gcc -o conftest -g -O2   conftest.c  >&5
conftest.c:69:6: warning: conflicting types for built-in function 'strdup' [enabled by default]
 char strdup ();
      ^
configure:5338: $? = 0
configure:5338: result: yes
configure:5338: checking for strerror
configure:5338: gcc -o conftest -g -O2   conftest.c  >&5
configure:5338: $? = 0
configure:5338: result: yes
configure:5338: checking for strtoul
configure:5338: gcc -o conftest -g -O2   conftest.c  >&5
configure:5338: $? = 0
configure:5338: result: yes
configure:5484: creating ./config.status

## ---------------------- ##
## Running config.status. ##
## ---------------------- ##

This file was extended by qic1822_sdk_release config.status r343, which was
generated by GNU Autoconf 2.68.  Invocation command line was

  CONFIG_FILES    = 
  CONFIG_HEADERS  = 
  CONFIG_LINKS    = 
  CONFIG_COMMANDS = 
  $ ./config.status 

on Stefl-Linux

config.status:895: creating Makefile
config.status:895: creating config.h
config.status:1076: config.h is unchanged
config.status:1124: executing depfiles commands

## ---------------- ##
## Cache variables. ##
## ---------------- ##

ac_cv_c_compiler_gnu=yes
ac_cv_c_const=yes
ac_cv_c_inline=inline
ac_cv_c_uint32_t=yes
ac_cv_cxx_compiler_gnu=yes
ac_cv_env_CCC_set=
ac_cv_env_CCC_value=
ac_cv_env_CC_set=
ac_cv_env_CC_value=
ac_cv_env_CFLAGS_set=
ac_cv_env_CFLAGS_value=
ac_cv_env_CPPFLAGS_set=
ac_cv_env_CPPFLAGS_value=
ac_cv_env_CPP_set=
ac_cv_env_CPP_value=
ac_cv_env_CXXFLAGS_set=
ac_cv_env_CXXFLAGS_value=
ac_cv_env_CXX_set=
ac_cv_env_CXX_value=
ac_cv_env_LDFLAGS_set=
ac_cv_env_LDFLAGS_value=
ac_cv_env_LIBS_set=
ac_cv_env_LIBS_value=
ac_cv_env_build_alias_set=
ac_cv_env_build_alias_value=
ac_cv_env_host_alias_set=
ac_cv_env_host_alias_value=
ac_cv_env_target_alias_set=
ac_cv_env_target_alias_value=
ac_cv_func_getpagesize=yes
ac_cv_func_lstat_dereferences_slashed_symlink=yes
ac_cv_func_malloc_0_nonnull=yes
ac_cv_func_memset=yes
ac_cv_func_mmap_fixed_mapped=yes
ac_cv_func_munmap=yes
ac_cv_func_select=yes
ac_cv_func_select_args='int,fd_set *,struct timeval *'
ac_cv_func_stat_empty_string_bug=no
ac_cv_func_strdup=yes
ac_cv_func_strerror=yes
ac_cv_func_strtoul=yes
ac_cv_header_fcntl_h=yes
ac_cv_header_inttypes_h=yes
ac_cv_header_malloc_h=yes
ac_cv_header_memory_h=yes
ac_cv_header_stdc=yes
ac_cv_header_stdint_h=yes
ac_cv_header_stdlib_h=yes
ac_cv_header_string_h=yes
ac_cv_header_strings_h=yes
ac_cv_header_sys_ioctl_h=yes
ac_cv_header_sys_param_h=yes
ac_cv_header_sys_select_h=yes
ac_cv_header_sys_socket_h=yes
ac_cv_header_sys_stat_h=yes
ac_cv_header_sys_time_h=yes
ac_cv_header_sys_types_h=yes
ac_cv_header_time=yes
ac_cv_header_unistd_h=yes
ac_cv_objext=o
ac_cv_path_EGREP='/bin/grep -E'
ac_cv_path_GREP=/bin/grep
ac_cv_path_install='/usr/bin/install -c'
ac_cv_path_mkdir=/bin/mkdir
ac_cv_prog_AWK=mawk
ac_cv_prog_CPP='gcc -E'
ac_cv_prog_ac_ct_CC=gcc
ac_cv_prog_ac_ct_CXX=g++
ac_cv_prog_ac_ct_RANLIB=ranlib
ac_cv_prog_cc_c89=
ac_cv_prog_cc_g=yes
ac_cv_prog_cxx_g=yes
ac_cv_prog_gcc_traditional=no
ac_cv_prog_make_make_set=yes
ac_cv_type_size_t=yes
am_cv_CC_dependencies_compiler_type=gcc3
am_cv_CXX_dependencies_compiler_type=gcc3

## ----------------- ##
## Output variables. ##
## ----------------- ##

ACLOCAL='${SHELL} /home/stefl/qic1832_sdk/qic_example/missing --run aclocal-1.11'
AMDEPBACKSLASH='\'
AMDEP_FALSE='#'
AMDEP_TRUE=''
AMTAR='$${TAR-tar}'
AUTOCONF='${SHELL} /home/stefl/qic1832_sdk/qic_example/missing --run autoconf'
AUTOHEADER='${SHELL} /home/stefl/qic1832_sdk/qic_example/missing --run autoheader'
AUTOMAKE='${SHELL} /home/stefl/qic1832_sdk/qic_example/missing --run automake-1.11'
AWK='mawk'
CC='gcc'
CCDEPMODE='depmode=gcc3'
CFLAGS='-g -O2'
CPP='gcc -E'
CPPFLAGS=''
CXX='g++'
CXXDEPMODE='depmode=gcc3'
CXXFLAGS='-g -O2'
CYGPATH_W='echo'
DEFS='-DHAVE_CONFIG_H'
DEPDIR='.deps'
ECHO_C=''
ECHO_N='-n'
ECHO_T=''
EGREP='/bin/grep -E'
EXEEXT=''
GREP='/bin/grep'
INSTALL_DATA='${INSTALL} -m 644'
INSTALL_PROGRAM='${INSTALL}'
INSTALL_SCRIPT='${INSTALL}'
INSTALL_STRIP_PROGRAM='$(install_sh) -c -s'
LDFLAGS=''
LIBOBJS=''
LIBS=''
LTLIBOBJS=''
MAKEINFO='${SHELL} /home/stefl/qic1832_sdk/qic_example/missing --run makeinfo'
MKDIR_P='/bin/mkdir -p'
OBJEXT='o'
PACKAGE='qic1822_sdk_release'
PACKAGE_BUGREPORT=''
PACKAGE_NAME='qic1822_sdk_release'
PACKAGE_STRING='qic1822_sdk_release r343'
PACKAGE_TARNAME='qic1822_sdk_release'
PACKAGE_URL=''
PACKAGE_VERSION='r343'
PATH_SEPARATOR=':'
RANLIB='ranlib'
SET_MAKE=''
SHELL='/bin/bash'
STRIP=''
VERSION='r343'
ac_ct_CC='gcc'
ac_ct_CXX='g++'
am__EXEEXT_FALSE=''
am__EXEEXT_TRUE='#'
am__fastdepCC_FALSE='#'
am__fastdepCC_TRUE=''
am__fastdepCXX_FALSE='#'
am__fastdepCXX_TRUE=''
am__include='include'
am__isrc=''
am__leading_dot='.'
am__nodep='_no'
am__quote=''
am__tar='$${TAR-tar} chof - "$$tardir"'
am__untar='$${TAR-tar} xf -'
bindir='${exec_prefix}/bin'
build_alias=''
datadir='${datarootdir}'
datarootdir='${prefix}/share'
docdir='${datarootdir}/doc/${PACKAGE_TARNAME}'
dvidir='${docdir}'
exec_prefix='${prefix}'
host_alias=''
htmldir='${docdir}'
includedir='${prefix}/include'
infodir='${datarootdir}/info'
install_sh='${SHELL} /home/stefl/qic1832_sdk/qic_example/install-sh'
libdir='${exec_prefix}/lib'
libexecdir='${exec_prefix}/libexec'
localedir='${datarootdir}/locale'
localstatedir='${prefix}/var'
mandir='${datarootdir}/man'
mkdir_p='/bin/mkdir -p'
oldincludedir='/usr/include'
pdfdir='${docdir}'
prefix='/usr/local'
program_transform_name='s,x,x,'
psdir='${docdir}'
sbindir='${exec_prefix}/sbin'
sharedstatedir='${prefix}/com'
sysconfdir='${prefix}/etc'
target_alias=''

## ----------- ##
## confdefs.h. ##
## ----------- ##

/* confdefs.h */
#define PACKAGE_NAME "qic1822_sdk_release"
#define PACKAGE_TARNAME "qic1822_sdk_release"
#define PACKAGE_VERSION "r343"
#define PACKAGE_STRING "qic1822_sdk_release r343"
#define PACKAGE_BUGREPORT ""
#define PACKAGE_URL ""
#define PACKAGE "qic1822_sdk_release"
#define VERSION "r343"
#define STDC_HEADERS 1
#define HAVE_SYS_TYPES_H 1
#define HAVE_SYS_STAT_H 1
#define HAVE_STDLIB_H 1
#define HAVE_STRING_H 1
#define HAVE_MEMORY_H 1
#define HAVE_STRINGS_H 1
#define HAVE_INTTYPES_H 1
#define HAVE_STDINT_H 1
#define HAVE_UNISTD_H 1
#define HAVE_FCNTL_H 1
#define HAVE_MALLOC_H 1
#define HAVE_STDLIB_H 1
#define HAVE_STRING_H 1
#define HAVE_SYS_IOCTL_H 1
#define HAVE_SYS_TIME_H 1
#define HAVE_UNISTD_H 1
#define TIME_WITH_SYS_TIME 1
#define HAVE_STDLIB_H 1
#define HAVE_MALLOC 1
#define HAVE_STDLIB_H 1
#define HAVE_UNISTD_H 1
#define HAVE_SYS_PARAM_H 1
#define HAVE_GETPAGESIZE 1
#define HAVE_MMAP 1
#define HAVE_SYS_SELECT_H 1
#define HAVE_SYS_SOCKET_H 1
#define SELECT_TYPE_ARG1 int
#define SELECT_TYPE_ARG234 (fd_set *)
#define SELECT_TYPE_ARG5 (struct timeval *)
#define LSTAT_FOLLOWS_SLASHED_SYMLINK 1
#define HAVE_GETPAGESIZE 1
#define HAVE_MEMSET 1
#define HAVE_MUNMAP 1
#define HAVE_SELECT 1
#define HAVE_STRDUP 1
#define HAVE_STRERROR 1
#define HAVE_STRTOUL 1

configure: exit 0
